[2023-12-18 12:36:40,638] - [INFO] - [websocket open]
[2023-12-18 12:37:47,359] - [INFO] - [websocket open]
[2023-12-18 12:37:48,252] - [ERROR] - [now status is WebsocketStatus.STATE_START receive error resp {"resp_type":"ERROR","trace_id":"90147eca-772d-4980-845b-5dc7e9bdd341","error_code":"SIS.0032","error_msg":"audio size out range"}]
[2023-12-18 12:37:48,376] - [WARNING] - [status WebsocketStatus.STATE_END can't send binary data]
[2023-12-18 12:37:48,440] - [WARNING] - [status WebsocketStatus.STATE_END can't send binary data]
[2023-12-18 12:37:48,504] - [WARNING] - [status WebsocketStatus.STATE_END can't send binary data]
[2023-12-18 12:37:48,567] - [WARNING] - [status WebsocketStatus.STATE_END can't send binary data]
[2023-12-18 12:37:48,632] - [WARNING] - [status WebsocketStatus.STATE_END can't send binary data]
[2023-12-18 12:37:48,696] - [WARNING] - [status WebsocketStatus.STATE_END can't send binary data]
[2023-12-18 12:37:48,760] - [WARNING] - [status WebsocketStatus.STATE_END can't send binary data]
[2023-12-18 12:37:48,824] - [WARNING] - [status WebsocketStatus.STATE_END can't send binary data]
[2023-12-18 12:37:48,888] - [WARNING] - [status WebsocketStatus.STATE_END can't send binary data]
[2023-12-18 12:37:48,953] - [WARNING] - [status WebsocketStatus.STATE_END can't send binary data]
[2023-12-18 12:37:49,017] - [WARNING] - [status WebsocketStatus.STATE_END can't send binary data]
[2023-12-18 12:37:49,080] - [WARNING] - [status WebsocketStatus.STATE_END can't send binary data]
[2023-12-18 12:37:49,144] - [WARNING] - [status WebsocketStatus.STATE_END can't send binary data]
[2023-12-18 12:37:49,208] - [WARNING] - [status WebsocketStatus.STATE_END can't send binary data]
[2023-12-18 12:37:49,272] - [WARNING] - [status WebsocketStatus.STATE_END can't send binary data]
[2023-12-18 12:37:49,336] - [WARNING] - [status WebsocketStatus.STATE_END can't send binary data]
[2023-12-18 12:37:49,401] - [WARNING] - [status WebsocketStatus.STATE_END can't send binary data]
[2023-12-18 12:37:49,465] - [WARNING] - [status WebsocketStatus.STATE_END can't send binary data]
[2023-12-18 12:37:49,529] - [WARNING] - [status WebsocketStatus.STATE_END can't send binary data]
[2023-12-18 12:37:49,592] - [WARNING] - [status WebsocketStatus.STATE_END can't send binary data]
[2023-12-18 12:37:49,656] - [WARNING] - [status WebsocketStatus.STATE_END can't send binary data]
[2023-12-18 12:37:49,720] - [WARNING] - [status WebsocketStatus.STATE_END can't send binary data]
[2023-12-18 12:37:49,784] - [WARNING] - [status WebsocketStatus.STATE_END can't send binary data]
[2023-12-18 12:37:49,848] - [WARNING] - [status WebsocketStatus.STATE_END can't send binary data]
[2023-12-18 12:37:49,913] - [WARNING] - [status WebsocketStatus.STATE_END can't send binary data]
[2023-12-18 12:37:49,977] - [WARNING] - [status WebsocketStatus.STATE_END can't send binary data]
[2023-12-18 12:37:50,041] - [WARNING] - [status WebsocketStatus.STATE_END can't send binary data]
[2023-12-18 12:37:50,105] - [WARNING] - [status WebsocketStatus.STATE_END can't send binary data]
[2023-12-18 12:37:50,169] - [WARNING] - [status WebsocketStatus.STATE_END can't send binary data]
[2023-12-18 12:37:50,233] - [WARNING] - [status WebsocketStatus.STATE_END can't send binary data]
[2023-12-18 12:37:50,297] - [WARNING] - [status WebsocketStatus.STATE_END can't send binary data]
[2023-12-18 12:37:50,361] - [WARNING] - [status WebsocketStatus.STATE_END can't send binary data]
[2023-12-18 12:37:50,426] - [WARNING] - [status WebsocketStatus.STATE_END can't send binary data]
[2023-12-18 12:37:50,490] - [WARNING] - [status WebsocketStatus.STATE_END can't send binary data]
[2023-12-18 12:37:50,554] - [WARNING] - [status WebsocketStatus.STATE_END can't send binary data]
[2023-12-18 12:37:50,617] - [WARNING] - [status WebsocketStatus.STATE_END can't send binary data]
[2023-12-18 12:37:50,681] - [WARNING] - [status WebsocketStatus.STATE_END can't send binary data]
[2023-12-18 12:37:50,745] - [WARNING] - [status WebsocketStatus.STATE_END can't send binary data]
[2023-12-18 12:37:50,809] - [WARNING] - [status WebsocketStatus.STATE_END can't send binary data]
[2023-12-18 12:37:50,873] - [WARNING] - [status WebsocketStatus.STATE_END can't send binary data]
[2023-12-18 12:37:50,938] - [WARNING] - [status WebsocketStatus.STATE_END can't send binary data]
[2023-12-18 12:37:51,002] - [WARNING] - [status WebsocketStatus.STATE_END can't send binary data]
[2023-12-18 12:37:51,065] - [WARNING] - [status WebsocketStatus.STATE_END can't send binary data]
[2023-12-18 12:37:51,129] - [WARNING] - [status WebsocketStatus.STATE_END can't send binary data]
[2023-12-18 12:37:51,193] - [WARNING] - [status WebsocketStatus.STATE_END can't send binary data]
[2023-12-18 12:37:51,257] - [WARNING] - [status WebsocketStatus.STATE_END can't send binary data]
[2023-12-18 12:37:51,321] - [WARNING] - [status WebsocketStatus.STATE_END can't send binary data]
[2023-12-18 12:37:51,385] - [WARNING] - [status WebsocketStatus.STATE_END can't send binary data]
[2023-12-18 12:37:51,450] - [WARNING] - [status WebsocketStatus.STATE_END can't send binary data]
[2023-12-18 12:37:51,514] - [WARNING] - [status WebsocketStatus.STATE_END can't send binary data]
[2023-12-18 12:37:51,577] - [WARNING] - [status WebsocketStatus.STATE_END can't send binary data]
[2023-12-18 12:37:51,641] - [WARNING] - [status WebsocketStatus.STATE_END can't send binary data]
[2023-12-18 12:37:51,706] - [WARNING] - [status WebsocketStatus.STATE_END can't send binary data]
[2023-12-18 12:37:51,770] - [WARNING] - [status WebsocketStatus.STATE_END can't send binary data]
[2023-12-18 12:37:51,834] - [WARNING] - [status WebsocketStatus.STATE_END can't send binary data]
[2023-12-18 12:37:51,899] - [WARNING] - [status WebsocketStatus.STATE_END can't send binary data]
[2023-12-18 12:37:51,963] - [WARNING] - [status WebsocketStatus.STATE_END can't send binary data]
[2023-12-18 12:37:52,027] - [WARNING] - [status WebsocketStatus.STATE_END can't send binary data]
[2023-12-18 12:37:52,090] - [WARNING] - [status WebsocketStatus.STATE_END can't send binary data]
[2023-12-18 12:37:52,154] - [WARNING] - [status WebsocketStatus.STATE_END can't send binary data]
[2023-12-18 12:37:52,218] - [WARNING] - [status WebsocketStatus.STATE_END can't send binary data]
[2023-12-18 12:37:52,282] - [WARNING] - [status WebsocketStatus.STATE_END can't send binary data]
[2023-12-18 12:37:52,346] - [WARNING] - [status WebsocketStatus.STATE_END can't send binary data]
[2023-12-18 12:37:52,411] - [WARNING] - [status WebsocketStatus.STATE_END can't send binary data]
[2023-12-18 12:37:52,475] - [WARNING] - [status WebsocketStatus.STATE_END can't send binary data]
[2023-12-18 12:37:52,539] - [WARNING] - [status WebsocketStatus.STATE_END can't send binary data]
[2023-12-18 12:37:52,602] - [WARNING] - [status WebsocketStatus.STATE_END can't send binary data]
[2023-12-18 12:37:52,666] - [WARNING] - [status WebsocketStatus.STATE_END can't send binary data]
[2023-12-18 12:37:52,730] - [WARNING] - [status WebsocketStatus.STATE_END can't send binary data]
[2023-12-18 12:37:52,794] - [WARNING] - [status WebsocketStatus.STATE_END can't send binary data]
[2023-12-18 12:37:52,858] - [WARNING] - [status WebsocketStatus.STATE_END can't send binary data]
[2023-12-18 12:37:52,923] - [WARNING] - [status WebsocketStatus.STATE_END can't send binary data]
[2023-12-18 12:37:52,987] - [WARNING] - [status WebsocketStatus.STATE_END can't send binary data]
[2023-12-18 12:37:53,051] - [WARNING] - [status WebsocketStatus.STATE_END can't send binary data]
[2023-12-18 12:37:53,114] - [WARNING] - [status WebsocketStatus.STATE_END can't send binary data]
[2023-12-18 12:37:53,178] - [WARNING] - [status WebsocketStatus.STATE_END can't send binary data]
[2023-12-18 12:37:53,243] - [WARNING] - [status WebsocketStatus.STATE_END can't send binary data]
[2023-12-18 12:37:53,307] - [WARNING] - [status WebsocketStatus.STATE_END can't send binary data]
[2023-12-18 12:37:53,371] - [WARNING] - [status WebsocketStatus.STATE_END can't send binary data]
[2023-12-18 12:37:53,436] - [WARNING] - [status WebsocketStatus.STATE_END can't send binary data]
[2023-12-18 12:37:53,500] - [WARNING] - [status WebsocketStatus.STATE_END can't send binary data]
[2023-12-18 12:37:53,563] - [WARNING] - [status WebsocketStatus.STATE_END can't send binary data]
[2023-12-18 12:37:53,627] - [WARNING] - [status WebsocketStatus.STATE_END can't send binary data]
[2023-12-18 12:37:53,691] - [WARNING] - [status WebsocketStatus.STATE_END can't send binary data]
[2023-12-18 12:37:53,755] - [WARNING] - [status WebsocketStatus.STATE_END can't send binary data]
[2023-12-18 12:37:53,819] - [WARNING] - [status WebsocketStatus.STATE_END can't send binary data]
[2023-12-18 12:37:53,883] - [WARNING] - [status WebsocketStatus.STATE_END can't send binary data]
[2023-12-18 12:37:53,948] - [WARNING] - [status WebsocketStatus.STATE_END can't send binary data]
[2023-12-18 12:37:54,012] - [WARNING] - [status WebsocketStatus.STATE_END can't send binary data]
[2023-12-18 12:37:54,075] - [WARNING] - [status WebsocketStatus.STATE_END can't send binary data]
[2023-12-18 12:37:54,139] - [WARNING] - [status WebsocketStatus.STATE_END can't send binary data]
[2023-12-18 12:37:54,203] - [WARNING] - [status WebsocketStatus.STATE_END can't send binary data]
[2023-12-18 12:37:54,267] - [WARNING] - [status WebsocketStatus.STATE_END can't send binary data]
[2023-12-18 12:37:54,331] - [WARNING] - [status WebsocketStatus.STATE_END can't send binary data]
[2023-12-18 12:37:54,395] - [WARNING] - [status WebsocketStatus.STATE_END can't send binary data]
[2023-12-18 12:37:54,460] - [WARNING] - [status WebsocketStatus.STATE_END can't send binary data]
[2023-12-18 12:37:54,524] - [WARNING] - [status WebsocketStatus.STATE_END can't send binary data]
[2023-12-18 12:37:54,587] - [WARNING] - [status WebsocketStatus.STATE_END can't send binary data]
[2023-12-18 12:37:54,652] - [WARNING] - [status WebsocketStatus.STATE_END can't send binary data]
[2023-12-18 12:37:54,716] - [WARNING] - [status WebsocketStatus.STATE_END can't send binary data]
[2023-12-18 12:37:54,780] - [WARNING] - [status WebsocketStatus.STATE_END can't send binary data]
[2023-12-18 12:37:54,844] - [WARNING] - [status WebsocketStatus.STATE_END can't send binary data]
[2023-12-18 12:37:54,909] - [WARNING] - [status WebsocketStatus.STATE_END can't send binary data]
[2023-12-18 12:37:54,973] - [WARNING] - [status WebsocketStatus.STATE_END can't send binary data]
[2023-12-18 12:37:55,037] - [WARNING] - [status WebsocketStatus.STATE_END can't send binary data]
[2023-12-18 12:37:55,100] - [WARNING] - [status WebsocketStatus.STATE_END can't send binary data]
[2023-12-18 12:37:55,164] - [WARNING] - [status WebsocketStatus.STATE_END can't send binary data]
[2023-12-18 12:37:55,228] - [WARNING] - [status WebsocketStatus.STATE_END can't send binary data]
[2023-12-18 12:37:55,292] - [WARNING] - [status WebsocketStatus.STATE_END can't send binary data]
[2023-12-18 12:37:55,356] - [WARNING] - [status WebsocketStatus.STATE_END can't send binary data]
[2023-12-18 12:37:55,421] - [WARNING] - [status WebsocketStatus.STATE_END can't send binary data]
[2023-12-18 12:37:55,485] - [WARNING] - [status WebsocketStatus.STATE_END can't send binary data]
[2023-12-18 12:37:55,549] - [WARNING] - [status WebsocketStatus.STATE_END can't send binary data]
[2023-12-18 12:37:55,612] - [WARNING] - [status WebsocketStatus.STATE_END can't send binary data]
[2023-12-18 12:37:55,676] - [WARNING] - [status WebsocketStatus.STATE_END can't send binary data]
[2023-12-18 12:37:55,740] - [WARNING] - [status WebsocketStatus.STATE_END can't send binary data]
[2023-12-18 12:37:55,804] - [WARNING] - [status WebsocketStatus.STATE_END can't send binary data]
[2023-12-18 12:37:55,868] - [WARNING] - [status WebsocketStatus.STATE_END can't send binary data]
[2023-12-18 12:37:55,933] - [WARNING] - [status WebsocketStatus.STATE_END can't send binary data]
[2023-12-18 12:37:55,997] - [WARNING] - [status WebsocketStatus.STATE_END can't send binary data]
[2023-12-18 12:37:56,061] - [WARNING] - [status WebsocketStatus.STATE_END can't send binary data]
[2023-12-18 12:37:56,125] - [WARNING] - [status WebsocketStatus.STATE_END can't send binary data]
[2023-12-18 12:37:56,189] - [WARNING] - [status WebsocketStatus.STATE_END can't send binary data]
[2023-12-18 12:37:56,253] - [WARNING] - [status WebsocketStatus.STATE_END can't send binary data]
[2023-12-18 12:37:56,317] - [WARNING] - [status WebsocketStatus.STATE_END can't send binary data]
[2023-12-18 12:37:56,381] - [WARNING] - [status WebsocketStatus.STATE_END can't send binary data]
[2023-12-18 12:37:56,446] - [WARNING] - [status WebsocketStatus.STATE_END can't send binary data]
[2023-12-18 12:37:56,510] - [WARNING] - [status WebsocketStatus.STATE_END can't send binary data]
[2023-12-18 12:37:56,573] - [WARNING] - [status WebsocketStatus.STATE_END can't send binary data]
[2023-12-18 12:37:56,637] - [WARNING] - [status WebsocketStatus.STATE_END can't send binary data]
[2023-12-18 12:37:56,701] - [WARNING] - [status WebsocketStatus.STATE_END can't send binary data]
[2023-12-18 12:37:56,765] - [WARNING] - [status WebsocketStatus.STATE_END can't send binary data]
[2023-12-18 12:37:56,829] - [WARNING] - [status WebsocketStatus.STATE_END can't send binary data]
[2023-12-18 12:37:56,893] - [WARNING] - [status WebsocketStatus.STATE_END can't send binary data]
[2023-12-18 12:37:56,958] - [WARNING] - [status WebsocketStatus.STATE_END can't send binary data]
[2023-12-18 12:37:57,022] - [WARNING] - [status WebsocketStatus.STATE_END can't send binary data]
[2023-12-18 12:37:57,085] - [WARNING] - [status WebsocketStatus.STATE_END can't send binary data]
[2023-12-18 12:37:57,149] - [WARNING] - [status WebsocketStatus.STATE_END can't send binary data]
[2023-12-18 12:37:57,213] - [WARNING] - [status WebsocketStatus.STATE_END can't send binary data]
[2023-12-18 12:37:57,277] - [WARNING] - [status WebsocketStatus.STATE_END can't send binary data]
[2023-12-18 12:37:57,341] - [WARNING] - [status WebsocketStatus.STATE_END can't send binary data]
[2023-12-18 12:37:57,406] - [WARNING] - [status WebsocketStatus.STATE_END can't send binary data]
[2023-12-18 12:37:57,470] - [WARNING] - [status WebsocketStatus.STATE_END can't send binary data]
[2023-12-18 12:37:57,534] - [WARNING] - [status WebsocketStatus.STATE_END can't send binary data]
[2023-12-18 12:37:57,597] - [WARNING] - [status WebsocketStatus.STATE_END can't send binary data]
[2023-12-18 12:37:57,662] - [WARNING] - [status WebsocketStatus.STATE_END can't send binary data]
[2023-12-18 12:37:57,726] - [WARNING] - [status WebsocketStatus.STATE_END can't send binary data]
[2023-12-18 12:37:57,790] - [WARNING] - [status WebsocketStatus.STATE_END can't send binary data]
[2023-12-18 12:37:57,854] - [WARNING] - [status WebsocketStatus.STATE_END can't send binary data]
[2023-12-18 12:37:57,919] - [WARNING] - [status WebsocketStatus.STATE_END can't send binary data]
[2023-12-18 12:37:57,983] - [WARNING] - [status WebsocketStatus.STATE_END can't send binary data]
[2023-12-18 12:37:58,047] - [WARNING] - [status WebsocketStatus.STATE_END can't send binary data]
[2023-12-18 12:37:58,110] - [WARNING] - [status WebsocketStatus.STATE_END can't send binary data]
[2023-12-18 12:37:58,174] - [WARNING] - [status WebsocketStatus.STATE_END can't send binary data]
[2023-12-18 12:37:58,238] - [WARNING] - [status WebsocketStatus.STATE_END can't send binary data]
[2023-12-18 12:37:58,302] - [WARNING] - [status WebsocketStatus.STATE_END can't send binary data]
[2023-12-18 12:37:58,366] - [WARNING] - [status WebsocketStatus.STATE_END can't send binary data]
[2023-12-18 12:37:58,431] - [WARNING] - [status WebsocketStatus.STATE_END can't send binary data]
[2023-12-18 12:37:58,495] - [WARNING] - [status WebsocketStatus.STATE_END can't send binary data]
[2023-12-18 12:37:58,558] - [WARNING] - [status WebsocketStatus.STATE_END can't send binary data]
[2023-12-18 12:37:58,622] - [WARNING] - [status WebsocketStatus.STATE_END can't send binary data]
[2023-12-18 12:37:58,686] - [WARNING] - [status WebsocketStatus.STATE_END can't send binary data]
[2023-12-18 12:37:58,750] - [WARNING] - [status WebsocketStatus.STATE_END can't send binary data]
[2023-12-18 12:37:58,814] - [WARNING] - [status WebsocketStatus.STATE_END can't send binary data]
[2023-12-18 12:37:58,878] - [WARNING] - [status WebsocketStatus.STATE_END can't send binary data]
[2023-12-18 12:37:58,943] - [WARNING] - [status WebsocketStatus.STATE_END can't send binary data]
[2023-12-18 12:37:59,007] - [WARNING] - [status WebsocketStatus.STATE_END can't send binary data]
[2023-12-18 12:37:59,070] - [WARNING] - [status WebsocketStatus.STATE_END can't send binary data]
[2023-12-18 12:37:59,134] - [WARNING] - [status WebsocketStatus.STATE_END can't send binary data]
[2023-12-18 12:37:59,198] - [WARNING] - [status WebsocketStatus.STATE_END can't send binary data]
[2023-12-18 12:37:59,262] - [WARNING] - [status WebsocketStatus.STATE_END can't send binary data]
[2023-12-18 12:37:59,326] - [WARNING] - [status WebsocketStatus.STATE_END can't send binary data]
[2023-12-18 12:37:59,390] - [WARNING] - [status WebsocketStatus.STATE_END can't send binary data]
[2023-12-18 12:37:59,456] - [WARNING] - [status WebsocketStatus.STATE_END can't send binary data]
[2023-12-18 12:37:59,520] - [WARNING] - [status WebsocketStatus.STATE_END can't send binary data]
[2023-12-18 12:37:59,583] - [WARNING] - [status WebsocketStatus.STATE_END can't send binary data]
[2023-12-18 12:37:59,647] - [WARNING] - [status WebsocketStatus.STATE_END can't send binary data]
[2023-12-18 12:37:59,711] - [WARNING] - [status WebsocketStatus.STATE_END can't send binary data]
[2023-12-18 12:37:59,775] - [WARNING] - [status WebsocketStatus.STATE_END can't send binary data]
[2023-12-18 12:37:59,839] - [WARNING] - [status WebsocketStatus.STATE_END can't send binary data]
[2023-12-18 12:37:59,904] - [WARNING] - [status WebsocketStatus.STATE_END can't send binary data]
[2023-12-18 12:37:59,968] - [WARNING] - [status WebsocketStatus.STATE_END can't send binary data]
[2023-12-18 12:38:00,032] - [WARNING] - [status WebsocketStatus.STATE_END can't send binary data]
[2023-12-18 12:38:00,096] - [WARNING] - [status WebsocketStatus.STATE_END can't send binary data]
[2023-12-18 12:38:00,160] - [WARNING] - [status WebsocketStatus.STATE_END can't send binary data]
[2023-12-18 12:38:00,224] - [WARNING] - [status WebsocketStatus.STATE_END can't send binary data]
[2023-12-18 12:38:00,287] - [WARNING] - [status WebsocketStatus.STATE_END can't send binary data]
[2023-12-18 12:38:00,351] - [WARNING] - [status WebsocketStatus.STATE_END can't send binary data]
[2023-12-18 12:38:00,416] - [WARNING] - [status WebsocketStatus.STATE_END can't send binary data]
[2023-12-18 12:38:00,480] - [WARNING] - [status WebsocketStatus.STATE_END can't send binary data]
[2023-12-18 12:38:00,544] - [WARNING] - [status WebsocketStatus.STATE_END can't send binary data]
[2023-12-18 12:38:00,607] - [WARNING] - [status WebsocketStatus.STATE_END can't send binary data]
[2023-12-18 12:38:00,671] - [WARNING] - [status WebsocketStatus.STATE_END can't send binary data]
[2023-12-18 12:38:00,735] - [WARNING] - [status WebsocketStatus.STATE_END can't send binary data]
[2023-12-18 12:38:00,799] - [WARNING] - [status WebsocketStatus.STATE_END can't send binary data]
[2023-12-18 12:38:00,863] - [WARNING] - [status WebsocketStatus.STATE_END can't send binary data]
[2023-12-18 12:38:00,928] - [WARNING] - [status WebsocketStatus.STATE_END can't send binary data]
[2023-12-18 12:38:00,992] - [WARNING] - [status WebsocketStatus.STATE_END can't send binary data]
[2023-12-18 12:38:01,056] - [WARNING] - [status WebsocketStatus.STATE_END can't send binary data]
[2023-12-18 12:38:01,120] - [WARNING] - [status WebsocketStatus.STATE_END can't send binary data]
[2023-12-18 12:38:01,184] - [WARNING] - [status WebsocketStatus.STATE_END can't send binary data]
[2023-12-18 12:38:01,248] - [WARNING] - [status WebsocketStatus.STATE_END can't send binary data]
[2023-12-18 12:38:01,312] - [WARNING] - [status WebsocketStatus.STATE_END can't send binary data]
[2023-12-18 12:38:01,376] - [WARNING] - [status WebsocketStatus.STATE_END can't send binary data]
[2023-12-18 12:38:01,441] - [WARNING] - [status WebsocketStatus.STATE_END can't send binary data]
[2023-12-18 12:38:01,505] - [WARNING] - [status WebsocketStatus.STATE_END can't send binary data]
[2023-12-18 12:38:01,568] - [WARNING] - [status WebsocketStatus.STATE_END can't send binary data]
[2023-12-18 12:38:01,632] - [WARNING] - [status WebsocketStatus.STATE_END can't send binary data]
[2023-12-18 12:38:01,696] - [WARNING] - [status WebsocketStatus.STATE_END can't send binary data]
[2023-12-18 12:38:01,760] - [WARNING] - [status WebsocketStatus.STATE_END can't send binary data]
[2023-12-18 12:38:01,824] - [WARNING] - [status WebsocketStatus.STATE_END can't send binary data]
[2023-12-18 12:38:01,888] - [WARNING] - [status WebsocketStatus.STATE_END can't send binary data]
[2023-12-18 12:38:01,953] - [WARNING] - [status WebsocketStatus.STATE_END can't send binary data]
[2023-12-18 12:38:02,017] - [WARNING] - [status WebsocketStatus.STATE_END can't send binary data]
[2023-12-18 12:38:02,080] - [WARNING] - [status WebsocketStatus.STATE_END can't send binary data]
[2023-12-18 12:38:02,144] - [WARNING] - [status WebsocketStatus.STATE_END can't send binary data]
[2023-12-18 12:38:02,208] - [WARNING] - [status WebsocketStatus.STATE_END can't send binary data]
[2023-12-18 12:38:02,272] - [WARNING] - [status WebsocketStatus.STATE_END can't send binary data]
[2023-12-18 12:38:02,336] - [WARNING] - [status WebsocketStatus.STATE_END can't send binary data]
[2023-12-18 12:38:02,403] - [WARNING] - [status WebsocketStatus.STATE_END can't send binary data]
[2023-12-18 12:38:02,465] - [WARNING] - [status WebsocketStatus.STATE_END can't send binary data]
[2023-12-18 12:38:02,529] - [WARNING] - [status WebsocketStatus.STATE_END can't send binary data]
[2023-12-18 12:38:02,593] - [WARNING] - [status WebsocketStatus.STATE_END can't send binary data]
[2023-12-18 12:38:02,656] - [WARNING] - [status WebsocketStatus.STATE_END can't send binary data]
[2023-12-18 12:38:02,720] - [WARNING] - [status WebsocketStatus.STATE_END can't send binary data]
[2023-12-18 12:38:02,785] - [WARNING] - [status WebsocketStatus.STATE_END can't send binary data]
[2023-12-18 12:38:02,849] - [WARNING] - [status WebsocketStatus.STATE_END can't send binary data]
[2023-12-18 12:38:02,914] - [WARNING] - [status WebsocketStatus.STATE_END can't send binary data]
[2023-12-18 12:38:02,978] - [WARNING] - [status WebsocketStatus.STATE_END can't send binary data]
[2023-12-18 12:38:04,812] - [INFO] - [websocket open]
[2023-12-18 12:39:23,948] - [INFO] - [websocket open]
[2023-12-18 12:39:39,488] - [INFO] - [websocket open]
[2023-12-18 12:39:50,847] - [INFO] - [websocket open]
[2023-12-18 12:40:01,498] - [INFO] - [websocket open]
[2023-12-18 12:40:09,371] - [INFO] - [websocket open]
[2023-12-18 12:41:29,824] - [INFO] - [websocket open]
[2023-12-18 12:43:32,859] - [INFO] - [websocket open]
[2023-12-18 12:43:56,796] - [INFO] - [websocket open]
[2023-12-18 12:53:32,950] - [INFO] - [websocket open]
[2023-12-18 12:54:00,104] - [INFO] - [websocket open]
[2023-12-18 12:54:48,367] - [INFO] - [websocket open]
[2023-12-18 12:54:49,247] - [ERROR] - [now status is WebsocketStatus.STATE_START receive error resp {"resp_type":"ERROR","trace_id":"5acf6cf2-c003-49b2-bb43-f8d003f4185b","error_code":"SIS.0032","error_msg":"audio size out range"}]
[2023-12-18 12:54:49,373] - [WARNING] - [status WebsocketStatus.STATE_END can't send binary data]
[2023-12-18 12:54:49,437] - [WARNING] - [status WebsocketStatus.STATE_END can't send binary data]
[2023-12-18 12:54:49,501] - [WARNING] - [status WebsocketStatus.STATE_END can't send binary data]
[2023-12-18 12:54:49,565] - [WARNING] - [status WebsocketStatus.STATE_END can't send binary data]
[2023-12-18 12:54:49,629] - [WARNING] - [status WebsocketStatus.STATE_END can't send binary data]
[2023-12-18 12:54:49,693] - [WARNING] - [status WebsocketStatus.STATE_END can't send binary data]
[2023-12-18 12:54:49,757] - [WARNING] - [status WebsocketStatus.STATE_END can't send binary data]
[2023-12-18 12:54:49,821] - [WARNING] - [status WebsocketStatus.STATE_END can't send binary data]
[2023-12-18 12:54:49,885] - [WARNING] - [status WebsocketStatus.STATE_END can't send binary data]
[2023-12-18 12:54:49,949] - [WARNING] - [status WebsocketStatus.STATE_END can't send binary data]
[2023-12-18 12:54:50,013] - [WARNING] - [status WebsocketStatus.STATE_END can't send binary data]
[2023-12-18 12:54:50,077] - [WARNING] - [status WebsocketStatus.STATE_END can't send binary data]
[2023-12-18 12:54:50,141] - [WARNING] - [status WebsocketStatus.STATE_END can't send binary data]
[2023-12-18 12:54:50,205] - [WARNING] - [status WebsocketStatus.STATE_END can't send binary data]
[2023-12-18 12:54:50,269] - [WARNING] - [status WebsocketStatus.STATE_END can't send binary data]
[2023-12-18 12:54:50,333] - [WARNING] - [status WebsocketStatus.STATE_END can't send binary data]
[2023-12-18 12:54:50,397] - [WARNING] - [status WebsocketStatus.STATE_END can't send binary data]
[2023-12-18 12:54:50,462] - [WARNING] - [status WebsocketStatus.STATE_END can't send binary data]
[2023-12-18 12:54:50,526] - [WARNING] - [status WebsocketStatus.STATE_END can't send binary data]
[2023-12-18 12:54:50,590] - [WARNING] - [status WebsocketStatus.STATE_END can't send binary data]
[2023-12-18 12:54:50,654] - [WARNING] - [status WebsocketStatus.STATE_END can't send binary data]
[2023-12-18 12:54:50,718] - [WARNING] - [status WebsocketStatus.STATE_END can't send binary data]
[2023-12-18 12:54:50,782] - [WARNING] - [status WebsocketStatus.STATE_END can't send binary data]
[2023-12-18 12:54:50,846] - [WARNING] - [status WebsocketStatus.STATE_END can't send binary data]
[2023-12-18 12:54:50,910] - [WARNING] - [status WebsocketStatus.STATE_END can't send binary data]
[2023-12-18 12:54:50,974] - [WARNING] - [status WebsocketStatus.STATE_END can't send binary data]
[2023-12-18 12:54:51,038] - [WARNING] - [status WebsocketStatus.STATE_END can't send binary data]
[2023-12-18 12:54:51,102] - [WARNING] - [status WebsocketStatus.STATE_END can't send binary data]
[2023-12-18 12:54:51,166] - [WARNING] - [status WebsocketStatus.STATE_END can't send binary data]
[2023-12-18 12:54:51,230] - [WARNING] - [status WebsocketStatus.STATE_END can't send binary data]
[2023-12-18 12:54:51,294] - [WARNING] - [status WebsocketStatus.STATE_END can't send binary data]
[2023-12-18 12:54:51,358] - [WARNING] - [status WebsocketStatus.STATE_END can't send binary data]
[2023-12-18 12:54:51,422] - [WARNING] - [status WebsocketStatus.STATE_END can't send binary data]
[2023-12-18 12:54:51,486] - [WARNING] - [status WebsocketStatus.STATE_END can't send binary data]
[2023-12-18 12:54:51,550] - [WARNING] - [status WebsocketStatus.STATE_END can't send binary data]
[2023-12-18 12:54:51,614] - [WARNING] - [status WebsocketStatus.STATE_END can't send binary data]
[2023-12-18 12:54:51,678] - [WARNING] - [status WebsocketStatus.STATE_END can't send binary data]
[2023-12-18 12:54:51,742] - [WARNING] - [status WebsocketStatus.STATE_END can't send binary data]
[2023-12-18 13:21:37,093] - [INFO] - [websocket open]
[2023-12-18 13:21:37,980] - [ERROR] - [now status is WebsocketStatus.STATE_START receive error resp {"resp_type":"ERROR","trace_id":"5f1dff6e-1e41-4a20-8252-f83de1095b27","error_code":"SIS.0032","error_msg":"audio size out range"}]
[2023-12-18 13:21:38,098] - [WARNING] - [status WebsocketStatus.STATE_END can't send binary data]
[2023-12-18 13:21:38,162] - [WARNING] - [status WebsocketStatus.STATE_END can't send binary data]
[2023-12-18 13:21:38,226] - [WARNING] - [status WebsocketStatus.STATE_END can't send binary data]
[2023-12-18 13:21:38,290] - [WARNING] - [status WebsocketStatus.STATE_END can't send binary data]
[2023-12-18 13:21:38,354] - [WARNING] - [status WebsocketStatus.STATE_END can't send binary data]
[2023-12-18 13:21:38,418] - [WARNING] - [status WebsocketStatus.STATE_END can't send binary data]
[2023-12-18 13:21:38,482] - [WARNING] - [status WebsocketStatus.STATE_END can't send binary data]
[2023-12-18 13:21:38,546] - [WARNING] - [status WebsocketStatus.STATE_END can't send binary data]
[2023-12-18 13:21:38,610] - [WARNING] - [status WebsocketStatus.STATE_END can't send binary data]
[2023-12-18 13:21:38,675] - [WARNING] - [status WebsocketStatus.STATE_END can't send binary data]
[2023-12-18 13:21:38,739] - [WARNING] - [status WebsocketStatus.STATE_END can't send binary data]
[2023-12-18 13:21:38,803] - [WARNING] - [status WebsocketStatus.STATE_END can't send binary data]
[2023-12-18 13:21:38,867] - [WARNING] - [status WebsocketStatus.STATE_END can't send binary data]
[2023-12-18 13:21:38,931] - [WARNING] - [status WebsocketStatus.STATE_END can't send binary data]
[2023-12-18 13:21:38,995] - [WARNING] - [status WebsocketStatus.STATE_END can't send binary data]
[2023-12-18 13:21:39,059] - [WARNING] - [status WebsocketStatus.STATE_END can't send binary data]
[2023-12-18 13:21:39,123] - [WARNING] - [status WebsocketStatus.STATE_END can't send binary data]
[2023-12-18 13:21:39,187] - [WARNING] - [status WebsocketStatus.STATE_END can't send binary data]
[2023-12-18 13:21:39,251] - [WARNING] - [status WebsocketStatus.STATE_END can't send binary data]
[2023-12-18 13:21:39,315] - [WARNING] - [status WebsocketStatus.STATE_END can't send binary data]
[2023-12-18 13:21:39,379] - [WARNING] - [status WebsocketStatus.STATE_END can't send binary data]
[2023-12-18 13:21:39,443] - [WARNING] - [status WebsocketStatus.STATE_END can't send binary data]
[2023-12-18 13:21:39,507] - [WARNING] - [status WebsocketStatus.STATE_END can't send binary data]
[2023-12-18 13:21:39,571] - [WARNING] - [status WebsocketStatus.STATE_END can't send binary data]
[2023-12-18 13:21:39,635] - [WARNING] - [status WebsocketStatus.STATE_END can't send binary data]
[2023-12-18 13:21:39,699] - [WARNING] - [status WebsocketStatus.STATE_END can't send binary data]
[2023-12-18 13:21:39,763] - [WARNING] - [status WebsocketStatus.STATE_END can't send binary data]
[2023-12-18 13:21:39,827] - [WARNING] - [status WebsocketStatus.STATE_END can't send binary data]
[2023-12-18 13:21:39,891] - [WARNING] - [status WebsocketStatus.STATE_END can't send binary data]
[2023-12-18 13:21:39,955] - [WARNING] - [status WebsocketStatus.STATE_END can't send binary data]
[2023-12-18 13:21:40,019] - [WARNING] - [status WebsocketStatus.STATE_END can't send binary data]
[2023-12-18 13:21:40,083] - [WARNING] - [status WebsocketStatus.STATE_END can't send binary data]
[2023-12-18 13:21:40,148] - [WARNING] - [status WebsocketStatus.STATE_END can't send binary data]
[2023-12-18 13:21:40,212] - [WARNING] - [status WebsocketStatus.STATE_END can't send binary data]
[2023-12-18 13:21:40,276] - [WARNING] - [status WebsocketStatus.STATE_END can't send binary data]
[2023-12-18 13:21:40,340] - [WARNING] - [status WebsocketStatus.STATE_END can't send binary data]
[2023-12-18 13:21:40,411] - [WARNING] - [status WebsocketStatus.STATE_END can't send binary data]
[2023-12-18 13:21:40,468] - [WARNING] - [status WebsocketStatus.STATE_END can't send binary data]
[2023-12-18 13:21:40,532] - [WARNING] - [status WebsocketStatus.STATE_END can't send binary data]
[2023-12-18 13:21:40,596] - [WARNING] - [status WebsocketStatus.STATE_END can't send binary data]
[2023-12-18 13:21:40,660] - [WARNING] - [status WebsocketStatus.STATE_END can't send binary data]
[2023-12-18 13:24:34,374] - [INFO] - [websocket open]
[2023-12-18 13:25:27,918] - [INFO] - [websocket open]
[2023-12-18 13:28:12,647] - [INFO] - [websocket open]
[2023-12-18 13:28:23,611] - [INFO] - [websocket open]
[2023-12-18 13:28:53,159] - [INFO] - [websocket open]
[2023-12-18 13:31:05,691] - [INFO] - [websocket open]
[2024-01-20 21:28:23,311] - [INFO] - [websocket open]
[2024-01-20 21:30:02,827] - [INFO] - [websocket open]
[2024-01-20 21:46:25,103] - [INFO] - [websocket open]
[2024-01-20 21:49:43,305] - [INFO] - [websocket open]
[2024-01-20 22:00:55,296] - [INFO] - [websocket open]
[2024-01-20 22:01:00,740] - [ERROR] - [now status is WebsocketStatus.STATE_START, error is list indices must be integers or slices, not str]
[2024-01-20 22:01:01,036] - [ERROR] - [status WebsocketStatus.STATE_ERROR can't send binary data]
[2024-01-20 22:02:13,443] - [INFO] - [websocket open]
[2024-01-20 22:02:54,448] - [ERROR] - [now status is WebsocketStatus.STATE_START receive error resp {"resp_type":"FATAL_ERROR","trace_id":"0d49c5f5-816d-40b5-969f-5bc16f58ce6d","error_code":"SIS.0304","error_msg":"wait voice timeout"}]
[2024-01-20 22:02:54,749] - [INFO] - [websocket close]
[2024-01-20 22:03:05,566] - [INFO] - [websocket open]
[2024-01-20 22:04:02,690] - [ERROR] - [now status is WebsocketStatus.STATE_START, error is ping/pong timed out]
[2024-01-20 22:04:02,796] - [INFO] - [websocket close]
[2024-01-20 22:04:03,168] - [ERROR] - [status WebsocketStatus.STATE_CLOSE can't send binary data]
[2024-01-20 22:04:07,446] - [INFO] - [websocket open]
[2024-01-20 22:05:02,951] - [INFO] - [websocket open]
[2024-01-20 22:08:23,171] - [INFO] - [websocket open]
[2024-01-20 22:21:23,976] - [ERROR] - [The parameter callback must be RasrCallBack class]
